<?xml version="1.0" encoding="UTF-8"?>
<testng-results skipped="0" failed="0" ignored="0" total="1" passed="1">
  <reporter-output>
  </reporter-output>
  <suite name="Default suite" duration-ms="108768" started-at="2019-03-13T16:52:37Z" finished-at="2019-03-13T16:54:25Z">
    <groups>
    </groups>
    <test name="Default test" duration-ms="108768" started-at="2019-03-13T16:52:37Z" finished-at="2019-03-13T16:54:25Z">
      <class name="com.training.regression.tests.CreateRetailOrder_Test">
        <test-method status="PASS" signature="setUpBeforeClass()[pri:0, instance:com.training.regression.tests.CreateRetailOrder_Test@3bfdc050]" name="setUpBeforeClass" is-config="true" duration-ms="18" started-at="2019-03-13T16:52:37Z" finished-at="2019-03-13T16:52:37Z">
          <reporter-output>
          </reporter-output>
        </test-method> <!-- setUpBeforeClass -->
        <test-method status="PASS" signature="setUp()[pri:0, instance:com.training.regression.tests.CreateRetailOrder_Test@3bfdc050]" name="setUp" is-config="true" duration-ms="47151" started-at="2019-03-13T16:52:37Z" finished-at="2019-03-13T16:53:24Z">
          <reporter-output>
          </reporter-output>
        </test-method> <!-- setUp -->
        <test-method status="PASS" signature="createOrderTest()[pri:0, instance:com.training.regression.tests.CreateRetailOrder_Test@3bfdc050]" name="createOrderTest" duration-ms="59601" started-at="2019-03-13T16:53:24Z" finished-at="2019-03-13T16:54:23Z">
          <reporter-output>
          </reporter-output>
        </test-method> <!-- createOrderTest -->
        <test-method status="PASS" signature="tearDown()[pri:0, instance:com.training.regression.tests.CreateRetailOrder_Test@3bfdc050]" name="tearDown" is-config="true" duration-ms="1948" started-at="2019-03-13T16:54:23Z" finished-at="2019-03-13T16:54:25Z">
          <reporter-output>
          </reporter-output>
        </test-method> <!-- tearDown -->
      </class> <!-- com.training.regression.tests.CreateRetailOrder_Test -->
    </test> <!-- Default test -->
  </suite> <!-- Default suite -->
</testng-results>
