<?xml version="1.0" encoding="UTF-8"?>
<testng-results skipped="0" failed="0" ignored="0" total="1" passed="1">
  <reporter-output>
  </reporter-output>
  <suite name="Default suite" duration-ms="96636" started-at="2019-04-04T12:45:01Z" finished-at="2019-04-04T12:46:38Z">
    <groups>
    </groups>
    <test name="Default test" duration-ms="96636" started-at="2019-04-04T12:45:01Z" finished-at="2019-04-04T12:46:38Z">
      <class name="com.training.regression.tests.RTTC_080_Test">
        <test-method status="PASS" signature="setUpBeforeClass()[pri:0, instance:com.training.regression.tests.RTTC_080_Test@3bfdc050]" name="setUpBeforeClass" is-config="true" duration-ms="17" started-at="2019-04-04T12:45:01Z" finished-at="2019-04-04T12:45:01Z">
          <reporter-output>
          </reporter-output>
        </test-method> <!-- setUpBeforeClass -->
        <test-method status="PASS" signature="setUp()[pri:0, instance:com.training.regression.tests.RTTC_080_Test@3bfdc050]" name="setUp" is-config="true" duration-ms="42158" started-at="2019-04-04T12:45:01Z" finished-at="2019-04-04T12:45:43Z">
          <reporter-output>
          </reporter-output>
        </test-method> <!-- setUp -->
        <test-method status="PASS" signature="rttc080Test()[pri:1, instance:com.training.regression.tests.RTTC_080_Test@3bfdc050]" name="rttc080Test" duration-ms="52650" started-at="2019-04-04T12:45:43Z" finished-at="2019-04-04T12:46:36Z">
          <reporter-output>
          </reporter-output>
        </test-method> <!-- rttc080Test -->
        <test-method status="PASS" signature="tearDown()[pri:0, instance:com.training.regression.tests.RTTC_080_Test@3bfdc050]" name="tearDown" is-config="true" duration-ms="1784" started-at="2019-04-04T12:46:36Z" finished-at="2019-04-04T12:46:38Z">
          <reporter-output>
          </reporter-output>
        </test-method> <!-- tearDown -->
      </class> <!-- com.training.regression.tests.RTTC_080_Test -->
    </test> <!-- Default test -->
  </suite> <!-- Default suite -->
</testng-results>
